# JRE version: Java(TM) SE Runtime Environment (8.0_102-b14) (build 1.8.0_102-b14)
# Java VM: Java HotSpot(TM) 64-Bit Server VM (25.102-b14 mixed mode bsd-amd64 compressed oops)
Heap:
 PSYoungGen      total 141824K, used 101899K [0x000000076ab00000, 0x0000000774000000, 0x00000007c0000000)
  eden space 131072K, 75% used [0x000000076ab00000,0x0000000770be19b8,0x0000000772b00000)
  from space 10752K, 25% used [0x0000000773580000,0x0000000773821268,0x0000000774000000)
  to   space 10752K, 0% used [0x0000000772b00000,0x0000000772b00000,0x0000000773580000)
 ParOldGen       total 175104K, used 70243K [0x00000006c0000000, 0x00000006cab00000, 0x000000076ab00000)
  object space 175104K, 40% used [0x00000006c0000000,0x00000006c4498c30,0x00000006cab00000)
 Metaspace       used 11346K, capacity 11484K, committed 11776K, reserved 1058816K
  class space    used 1385K, capacity 1466K, committed 1536K, reserved 1048576K
GC Heap History (4 events):
Event: 2.525 GC heap before
{Heap before GC invocations=1 (full 0):
 PSYoungGen      total 76288K, used 65536K [0x000000076ab00000, 0x0000000770000000, 0x00000007c0000000)
  eden space 65536K, 100% used [0x000000076ab00000,0x000000076eb00000,0x000000076eb00000)
  from space 10752K, 0% used [0x000000076f580000,0x000000076f580000,0x0000000770000000)
  to   space 10752K, 0% used [0x000000076eb00000,0x000000076eb00000,0x000000076f580000)
 ParOldGen       total 175104K, used 0K [0x00000006c0000000, 0x00000006cab00000, 0x000000076ab00000)
  object space 175104K, 0% used [0x00000006c0000000,0x00000006c0000000,0x00000006cab00000)
 Metaspace       used 9168K, capacity 9302K, committed 9344K, reserved 1056768K
  class space    used 1081K, capacity 1145K, committed 1152K, reserved 1048576K
Event: 2.557 GC heap after
Heap after GC invocations=1 (full 0):
 PSYoungGen      total 76288K, used 3113K [0x000000076ab00000, 0x0000000774000000, 0x00000007c0000000)
  eden space 65536K, 0% used [0x000000076ab00000,0x000000076ab00000,0x000000076eb00000)
  from space 10752K, 28% used [0x000000076eb00000,0x000000076ee0a670,0x000000076f580000)
  to   space 10752K, 0% used [0x0000000773580000,0x0000000773580000,0x0000000774000000)
 ParOldGen       total 175104K, used 70235K [0x00000006c0000000, 0x00000006cab00000, 0x000000076ab00000)
  object space 175104K, 40% used [0x00000006c0000000,0x00000006c4496c30,0x00000006cab00000)
 Metaspace       used 9168K, capacity 9302K, committed 9344K, reserved 1056768K
  class space    used 1081K, capacity 1145K, committed 1152K, reserved 1048576K
}
Event: 2.958 GC heap before
{Heap before GC invocations=2 (full 0):
 PSYoungGen      total 76288K, used 68649K [0x000000076ab00000, 0x0000000774000000, 0x00000007c0000000)
  eden space 65536K, 100% used [0x000000076ab00000,0x000000076eb00000,0x000000076eb00000)
  from space 10752K, 28% used [0x000000076eb00000,0x000000076ee0a670,0x000000076f580000)
  to   space 10752K, 0% used [0x0000000773580000,0x0000000773580000,0x0000000774000000)
 ParOldGen       total 175104K, used 70235K [0x00000006c0000000, 0x00000006cab00000, 0x000000076ab00000)
  object space 175104K, 40% used [0x00000006c0000000,0x00000006c4496c30,0x00000006cab00000)
 Metaspace       used 10927K, capacity 11062K, committed 11136K, reserved 1058816K
  class space    used 1305K, capacity 1369K, committed 1408K, reserved 1048576K
Event: 2.964 GC heap after
Heap after GC invocations=2 (full 0):
 PSYoungGen      total 141824K, used 2692K [0x000000076ab00000, 0x0000000774000000, 0x00000007c0000000)
  eden space 131072K, 0% used [0x000000076ab00000,0x000000076ab00000,0x0000000772b00000)
  from space 10752K, 25% used [0x0000000773580000,0x0000000773821268,0x0000000774000000)
  to   space 10752K, 0% used [0x0000000772b00000,0x0000000772b00000,0x0000000773580000)
 ParOldGen       total 175104K, used 70243K [0x00000006c0000000, 0x00000006cab00000, 0x000000076ab00000)
  object space 175104K, 40% used [0x00000006c0000000,0x00000006c4498c30,0x00000006cab00000)
 Metaspace       used 10927K, capacity 11062K, committed 11136K, reserved 1058816K
  class space    used 1305K, capacity 1369K, committed 1408K, reserved 1048576K
}

