# JRE version: Java(TM) SE Runtime Environment (8.0_102-b14) (build 1.8.0_102-b14)
# Java VM: Java HotSpot(TM) 64-Bit Server VM (25.102-b14 mixed mode bsd-amd64 compressed oops)
Heap:
 PSYoungGen      total 76288K, used 68158K [0x000000076ab00000, 0x0000000774000000, 0x00000007c0000000)
  eden space 65536K, 100% used [0x000000076ab00000,0x000000076eb00000,0x000000076eb00000)
  from space 10752K, 24% used [0x000000076f580000,0x000000076f80f9e8,0x0000000770000000)
  to   space 10752K, 0% used [0x000000076eb00000,0x000000076eb00000,0x000000076f580000)
 ParOldGen       total 175104K, used 103011K [0x00000006c0000000, 0x00000006cab00000, 0x000000076ab00000)
  object space 175104K, 58% used [0x00000006c0000000,0x00000006c6498c40,0x00000006cab00000)
 Metaspace       used 11387K, capacity 11548K, committed 11776K, reserved 1058816K
  class space    used 1391K, capacity 1466K, committed 1536K, reserved 1048576K
GC Heap History (4 events):
Event: 3.041 GC heap before
{Heap before GC invocations=1 (full 0):
 PSYoungGen      total 76288K, used 65536K [0x000000076ab00000, 0x0000000770000000, 0x00000007c0000000)
  eden space 65536K, 100% used [0x000000076ab00000,0x000000076eb00000,0x000000076eb00000)
  from space 10752K, 0% used [0x000000076f580000,0x000000076f580000,0x0000000770000000)
  to   space 10752K, 0% used [0x000000076eb00000,0x000000076eb00000,0x000000076f580000)
 ParOldGen       total 175104K, used 0K [0x00000006c0000000, 0x00000006cab00000, 0x000000076ab00000)
  object space 175104K, 0% used [0x00000006c0000000,0x00000006c0000000,0x00000006cab00000)
 Metaspace       used 9173K, capacity 9302K, committed 9344K, reserved 1056768K
  class space    used 1081K, capacity 1145K, committed 1152K, reserved 1048576K
Event: 3.071 GC heap after
Heap after GC invocations=1 (full 0):
 PSYoungGen      total 76288K, used 3113K [0x000000076ab00000, 0x0000000770000000, 0x00000007c0000000)
  eden space 65536K, 0% used [0x000000076ab00000,0x000000076ab00000,0x000000076eb00000)
  from space 10752K, 28% used [0x000000076eb00000,0x000000076ee0a670,0x000000076f580000)
  to   space 10752K, 0% used [0x000000076f580000,0x000000076f580000,0x0000000770000000)
 ParOldGen       total 175104K, used 70235K [0x00000006c0000000, 0x00000006cab00000, 0x000000076ab00000)
  object space 175104K, 40% used [0x00000006c0000000,0x00000006c4496c30,0x00000006cab00000)
 Metaspace       used 9173K, capacity 9302K, committed 9344K, reserved 1056768K
  class space    used 1081K, capacity 1145K, committed 1152K, reserved 1048576K
}
Event: 3.416 GC heap before
{Heap before GC invocations=2 (full 0):
 PSYoungGen      total 76288K, used 68649K [0x000000076ab00000, 0x0000000770000000, 0x00000007c0000000)
  eden space 65536K, 100% used [0x000000076ab00000,0x000000076eb00000,0x000000076eb00000)
  from space 10752K, 28% used [0x000000076eb00000,0x000000076ee0a670,0x000000076f580000)
  to   space 10752K, 0% used [0x000000076f580000,0x000000076f580000,0x0000000770000000)
 ParOldGen       total 175104K, used 70235K [0x00000006c0000000, 0x00000006cab00000, 0x000000076ab00000)
  object space 175104K, 40% used [0x00000006c0000000,0x00000006c4496c30,0x00000006cab00000)
 Metaspace       used 10969K, capacity 11126K, committed 11392K, reserved 1058816K
  class space    used 1310K, capacity 1369K, committed 1408K, reserved 1048576K
Event: 3.423 GC heap after
Heap after GC invocations=2 (full 0):
 PSYoungGen      total 76288K, used 2622K [0x000000076ab00000, 0x0000000774000000, 0x00000007c0000000)
  eden space 65536K, 0% used [0x000000076ab00000,0x000000076ab00000,0x000000076eb00000)
  from space 10752K, 24% used [0x000000076f580000,0x000000076f80f9e8,0x0000000770000000)
  to   space 10752K, 0% used [0x000000076eb00000,0x000000076eb00000,0x000000076f580000)
 ParOldGen       total 175104K, used 70243K [0x00000006c0000000, 0x00000006cab00000, 0x000000076ab00000)
  object space 175104K, 40% used [0x00000006c0000000,0x00000006c4498c30,0x00000006cab00000)
 Metaspace       used 10969K, capacity 11126K, committed 11392K, reserved 1058816K
  class space    used 1310K, capacity 1369K, committed 1408K, reserved 1048576K
}

